/*C1*/SET SCHEMA SYSTEM_LOBS
INSERT INTO BLOCKS VALUES(0,2147483647,0)
COMMIT
/*C2*/SET SCHEMA PUBLIC
CREATE TABLE IF NOT EXISTS AL_CONFIGURATION ( PROPERTY_NAME VARCHAR(255) NOT NULL UNIQUE , PROPERTY_VALUE LONGVARCHAR ) 
CREATE TABLE IF NOT EXISTS AL_GROUPS ( GROUP_NAME VARCHAR(255) NOT NULL PRIMARY KEY , DESCRIPTION LONGVARCHAR ) 
CREATE TABLE IF NOT EXISTS AL_TABLES ( TABLE_NAME VARCHAR(255) NOT NULL PRIMARY KEY , GROUP_NAME VARCHAR(255) , DESCRIPTION LONGVARCHAR ) 
CREATE TABLE IF NOT EXISTS AL_CUSTOM_TYPE ( TABLE_NAME VARCHAR(255) , COLUMN_NAME VARCHAR(255) , TYPE VARCHAR(255) , NAME VARCHAR(255) ) 
CREATE TABLE IF NOT EXISTS AL_VIEWS ( VIEW_NAME VARCHAR(255) NOT NULL UNIQUE , VIEW_DEFINITION LONGVARCHAR , IS_VALID BOOLEAN ) 
CREATE TABLE IF NOT EXISTS AL_SELECTED_LOG_OBJECTS ( NAME VARCHAR(255) NOT NULL UNIQUE , TYPE VARCHAR(255) ) 
CREATE TABLE IF NOT EXISTS AL_DB_OBJECTS ( NAME VARCHAR(255) NOT NULL UNIQUE , TYPE VARCHAR(255) , USAGE VARCHAR(255) ) 
INSERT INTO AL_CONFIGURATION VALUES('VERSION','7.2.0')
INSERT INTO AL_SELECTED_LOG_OBJECTS VALUES('agents_log','VIEW')
INSERT INTO AL_SELECTED_LOG_OBJECTS VALUES('library_blocks_log','VIEW')
INSERT INTO AL_SELECTED_LOG_OBJECTS VALUES('agent_parameters_log','VIEW')
INSERT INTO AL_SELECTED_LOG_OBJECTS VALUES('library_block_parameters_log','VIEW')
INSERT INTO AL_SELECTED_LOG_OBJECTS VALUES('agent_movement_log','VIEW')
INSERT INTO AL_SELECTED_LOG_OBJECTS VALUES('agent_movement_stats_log','VIEW')
INSERT INTO AL_SELECTED_LOG_OBJECTS VALUES('agent_messages_log','VIEW')
INSERT INTO AL_SELECTED_LOG_OBJECTS VALUES('events_log','VIEW')
INSERT INTO AL_SELECTED_LOG_OBJECTS VALUES('flowchart_entries_log','VIEW')
INSERT INTO AL_SELECTED_LOG_OBJECTS VALUES('flowchart_process_states_log','VIEW')
INSERT INTO AL_SELECTED_LOG_OBJECTS VALUES('flowchart_stats_time_in_state_log','VIEW')
INSERT INTO AL_SELECTED_LOG_OBJECTS VALUES('resource_unit_states_log','VIEW')
INSERT INTO AL_SELECTED_LOG_OBJECTS VALUES('resource_unit_task_stats_log','VIEW')
INSERT INTO AL_SELECTED_LOG_OBJECTS VALUES('resource_pool_task_stats_log','VIEW')
INSERT INTO AL_SELECTED_LOG_OBJECTS VALUES('resource_pool_utilization_log','VIEW')
INSERT INTO AL_SELECTED_LOG_OBJECTS VALUES('resource_unit_utilization_log','VIEW')
INSERT INTO AL_SELECTED_LOG_OBJECTS VALUES('fluid_units_log','VIEW')
INSERT INTO AL_SELECTED_LOG_OBJECTS VALUES('fluid_storages_log','VIEW')
INSERT INTO AL_SELECTED_LOG_OBJECTS VALUES('fluid_rates_log','VIEW')
INSERT INTO AL_SELECTED_LOG_OBJECTS VALUES('fluid_utilization_log','VIEW')
INSERT INTO AL_SELECTED_LOG_OBJECTS VALUES('statechart_transitions_log','VIEW')
INSERT INTO AL_SELECTED_LOG_OBJECTS VALUES('agent_statechart_states_log','VIEW')
INSERT INTO AL_SELECTED_LOG_OBJECTS VALUES('agent_statechart_stats_log','VIEW')
INSERT INTO AL_SELECTED_LOG_OBJECTS VALUES('agent_type_statechart_stats_log','VIEW')
INSERT INTO AL_SELECTED_LOG_OBJECTS VALUES('statistics_log','VIEW')
INSERT INTO AL_SELECTED_LOG_OBJECTS VALUES('datasets_log','VIEW')
INSERT INTO AL_SELECTED_LOG_OBJECTS VALUES('histograms_log','VIEW')
INSERT INTO AL_SELECTED_LOG_OBJECTS VALUES('trace_log','VIEW')
COMMIT
CREATE TABLE sheet1 ( al_id INT IDENTITY , ad_level INTEGER NULL , ta_id INTEGER NULL , tambon_t LONGVARCHAR NULL , tambon_e LONGVARCHAR NULL , am_id INTEGER NULL , amphoe_t LONGVARCHAR NULL , amphoe_e LONGVARCHAR NULL , ch_id INTEGER NULL , changwat_t LONGVARCHAR NULL , changwat_e LONGVARCHAR NULL , lat DOUBLE NULL , long DOUBLE NULL , flag INTEGER NULL ) 
INSERT INTO AL_TABLES VALUES('sheet1',NULL,'')
COMMIT
/*C3*/SET SCHEMA PUBLIC
INSERT INTO SHEET1 VALUES(0,4,100101,'\u0e41\u0e02\u0e27\u0e07 \u0e1e\u0e23\u0e30\u0e1a\u0e23\u0e21\u0e21\u0e2b\u0e32\u0e23\u0e32\u0e0a\u0e27\u0e31\u0e07','Phra Borom Maha Ratchawang',1001,'\u0e40\u0e02\u0e15 \u0e1e\u0e23\u0e30\u0e19\u0e04\u0e23','Phra Nakhon',10,'\u0e01\u0e23\u0e38\u0e07\u0e40\u0e17\u0e1e\u0e21\u0e2b\u0e32\u0e19\u0e04\u0e23','Bangkok',13.751E0,100.492E0,1)
INSERT INTO SHEET1 VALUES(1,4,110101,'\u0e15. \u0e40\u0e17\u0e28\u0e1a\u0e32\u0e25\u0e19\u0e04\u0e23\u0e2a\u0e21\u0e38\u0e17\u0e23\u0e1b\u0e23\u0e32\u0e01\u0e32\u0e23',NULL,1101,'\u0e2d. \u0e40\u0e21\u0e37\u0e2d\u0e07\u0e2a\u0e21\u0e38\u0e17\u0e23\u0e1b\u0e23\u0e32\u0e01\u0e32\u0e23','Mueang Samut Prakan',11,'\u0e08. \u0e2a\u0e21\u0e38\u0e17\u0e23\u0e1b\u0e23\u0e32\u0e01\u0e32\u0e23','Samut Prakarn',13.593E0,100.597E0,1)
INSERT INTO SHEET1 VALUES(2,4,120101,'\u0e15. \u0e2a\u0e27\u0e19\u0e43\u0e2b\u0e0d\u0e48','Suan Yai',1201,'\u0e2d. \u0e40\u0e21\u0e37\u0e2d\u0e07\u0e19\u0e19\u0e17\u0e1a\u0e38\u0e23\u0e35','Mueang Nonthaburi',12,'\u0e08. \u0e19\u0e19\u0e17\u0e1a\u0e38\u0e23\u0e35','Nonthaburi',13.842E0,100.494E0,1)
INSERT INTO SHEET1 VALUES(3,4,130101,'\u0e15. \u0e1a\u0e32\u0e07\u0e1b\u0e23\u0e2d\u0e01','Bang Prok',1301,'\u0e2d. \u0e40\u0e21\u0e37\u0e2d\u0e07\u0e1b\u0e17\u0e38\u0e21\u0e18\u0e32\u0e19\u0e35','Mueang Pathum Thani',13,'\u0e08. \u0e1b\u0e17\u0e38\u0e21\u0e18\u0e32\u0e19\u0e35','Pathum Thani',14.012E0,100.528E0,1)
INSERT INTO SHEET1 VALUES(4,4,140101,'\u0e15. \u0e1b\u0e23\u0e30\u0e15\u0e39\u0e0a\u0e31\u0e22','Pratu Chai',1401,'\u0e2d. \u0e1e\u0e23\u0e30\u0e19\u0e04\u0e23\u0e28\u0e23\u0e35\u0e2d\u0e22\u0e38\u0e18\u0e22\u0e32','Phra Nakhon Si Ayutthaya',14,'\u0e08. \u0e1e\u0e23\u0e30\u0e19\u0e04\u0e23\u0e28\u0e23\u0e35\u0e2d\u0e22\u0e38\u0e18\u0e22\u0e32','Phra Nakhon Si Ayutthaya',14.349E0,100.551E0,1)
INSERT INTO SHEET1 VALUES(5,4,150101,'\u0e15. \u0e15\u0e25\u0e32\u0e14\u0e2b\u0e25\u0e27\u0e07','Talat Luang',1501,'\u0e2d. \u0e40\u0e21\u0e37\u0e2d\u0e07\u0e2d\u0e48\u0e32\u0e07\u0e17\u0e2d\u0e07','Mueang Ang Thong',15,'\u0e08. \u0e2d\u0e48\u0e32\u0e07\u0e17\u0e2d\u0e07','Ang Thong',14.592E0,100.453E0,1)
INSERT INTO SHEET1 VALUES(6,4,160101,'\u0e15. \u0e17\u0e30\u0e40\u0e25\u0e0a\u0e38\u0e1a\u0e28\u0e23','Thale Chup Son',1601,'\u0e2d. \u0e40\u0e21\u0e37\u0e2d\u0e07\u0e25\u0e1e\u0e1a\u0e38\u0e23\u0e35','Mueang Lop Buri',16,'\u0e08. \u0e25\u0e1e\u0e1a\u0e38\u0e23\u0e35','Lop Buri',14.804E0,100.634E0,1)
INSERT INTO SHEET1 VALUES(7,4,170101,'\u0e15. \u0e1a\u0e32\u0e07\u0e1e\u0e38\u0e17\u0e23\u0e32','Bang Phutsa',1701,'\u0e2d. \u0e40\u0e21\u0e37\u0e2d\u0e07\u0e2a\u0e34\u0e07\u0e2b\u0e4c\u0e1a\u0e38\u0e23\u0e35','Mueang Sing Buri',17,'\u0e08. \u0e2a\u0e34\u0e07\u0e2b\u0e4c\u0e1a\u0e38\u0e23\u0e35','Sing Buri',14.89E0,100.404E0,1)
INSERT INTO SHEET1 VALUES(8,4,180101,'\u0e15. \u0e43\u0e19\u0e40\u0e21\u0e37\u0e2d\u0e07','Nai Mueang',1801,'\u0e2d. \u0e40\u0e21\u0e37\u0e2d\u0e07\u0e0a\u0e31\u0e22\u0e19\u0e32\u0e17','Mueang Chai Nat',18,'\u0e08. \u0e0a\u0e31\u0e22\u0e19\u0e32\u0e17','Chai Nat',15.181E0,100.127E0,1)
INSERT INTO SHEET1 VALUES(9,4,190101,'\u0e15. \u0e1b\u0e32\u0e01\u0e40\u0e1e\u0e23\u0e35\u0e22\u0e27','Pak Phriao',1901,'\u0e2d. \u0e40\u0e21\u0e37\u0e2d\u0e07\u0e2a\u0e23\u0e30\u0e1a\u0e38\u0e23\u0e35','Mueang Saraburi',19,'\u0e08. \u0e2a\u0e23\u0e30\u0e1a\u0e38\u0e23\u0e35','Saraburi',14.527E0,100.915E0,1)
INSERT INTO SHEET1 VALUES(10,4,200101,'\u0e15. \u0e1a\u0e32\u0e07\u0e1b\u0e25\u0e32\u0e2a\u0e23\u0e49\u0e2d\u0e22','Bang Pla Soi',2001,'\u0e2d. \u0e40\u0e21\u0e37\u0e2d\u0e07\u0e0a\u0e25\u0e1a\u0e38\u0e23\u0e35','Mueang Chon Buri',20,'\u0e08. \u0e0a\u0e25\u0e1a\u0e38\u0e23\u0e35','Chon Buri',13.364E0,100.987E0,1)
INSERT INTO SHEET1 VALUES(11,4,210101,'\u0e15. \u0e17\u0e48\u0e32\u0e1b\u0e23\u0e30\u0e14\u0e39\u0e48','Tha Pradu',2101,'\u0e2d. \u0e40\u0e21\u0e37\u0e2d\u0e07\u0e23\u0e30\u0e22\u0e2d\u0e07','Mueang Rayong',21,'\u0e08. \u0e23\u0e30\u0e22\u0e2d\u0e07','Rayong',12.672E0,101.266E0,1)
INSERT INTO SHEET1 VALUES(12,4,220101,'\u0e15. \u0e15\u0e25\u0e32\u0e14','Talat',2201,'\u0e2d. \u0e40\u0e21\u0e37\u0e2d\u0e07\u0e08\u0e31\u0e19\u0e17\u0e1a\u0e38\u0e23\u0e35','Mueang Chanthaburi',22,'\u0e08. \u0e08\u0e31\u0e19\u0e17\u0e1a\u0e38\u0e23\u0e35','Chanthaburi',12.591E0,102.087E0,1)
INSERT INTO SHEET1 VALUES(13,4,240101,'\u0e15. \u0e2b\u0e19\u0e49\u0e32\u0e40\u0e21\u0e37\u0e2d\u0e07','Na Mueang',2401,'\u0e2d. \u0e40\u0e21\u0e37\u0e2d\u0e07\u0e09\u0e30\u0e40\u0e0a\u0e34\u0e07\u0e40\u0e17\u0e23\u0e32','Mueang Chachoengsao',24,'\u0e08. \u0e09\u0e30\u0e40\u0e0a\u0e34\u0e07\u0e40\u0e17\u0e23\u0e32','Chachoengsao',13.686E0,101.066E0,1)
INSERT INTO SHEET1 VALUES(14,4,250101,'\u0e15. \u0e2b\u0e19\u0e49\u0e32\u0e40\u0e21\u0e37\u0e2d\u0e07','Na Mueang',2501,'\u0e2d. \u0e40\u0e21\u0e37\u0e2d\u0e07\u0e1b\u0e23\u0e32\u0e08\u0e35\u0e19\u0e1a\u0e38\u0e23\u0e35','Mueang Prachin Buri',25,'\u0e08. \u0e1b\u0e23\u0e32\u0e08\u0e35\u0e19\u0e1a\u0e38\u0e23\u0e35','Prachin Buri',14.057E0,101.374E0,1)
INSERT INTO SHEET1 VALUES(15,4,260101,'\u0e15. \u0e19\u0e04\u0e23\u0e19\u0e32\u0e22\u0e01','Nakhon Nayok',2601,'\u0e2d. \u0e40\u0e21\u0e37\u0e2d\u0e07\u0e19\u0e04\u0e23\u0e19\u0e32\u0e22\u0e01','Mueang Nakhon Nayok',26,'\u0e08. \u0e19\u0e04\u0e23\u0e19\u0e32\u0e22\u0e01','Nakhon Nayok',14.204E0,101.219E0,1)
INSERT INTO SHEET1 VALUES(16,4,260101,'\u0e15. \u0e19\u0e04\u0e23\u0e19\u0e32\u0e22\u0e01','Nakhon Nayok',2601,'\u0e2d. \u0e40\u0e21\u0e37\u0e2d\u0e07\u0e19\u0e04\u0e23\u0e19\u0e32\u0e22\u0e01','Mueang Nakhon Nayok',26,'\u0e08. \u0e19\u0e04\u0e23\u0e19\u0e32\u0e22\u0e01','Nakhon Nayok',14.198E0,101.233E0,1)
INSERT INTO SHEET1 VALUES(17,4,270101,'\u0e15. \u0e2a\u0e23\u0e30\u0e41\u0e01\u0e49\u0e27','Sa Kaeo',2701,'\u0e2d. \u0e40\u0e21\u0e37\u0e2d\u0e07\u0e2a\u0e23\u0e30\u0e41\u0e01\u0e49\u0e27','Mueang Sa Kaeo',27,'\u0e08. \u0e2a\u0e23\u0e30\u0e41\u0e01\u0e49\u0e27','Sa kaeo',13.803E0,102.077E0,1)
INSERT INTO SHEET1 VALUES(18,4,310101,'\u0e15. \u0e43\u0e19\u0e40\u0e21\u0e37\u0e2d\u0e07','Nai Mueang',3101,'\u0e2d. \u0e40\u0e21\u0e37\u0e2d\u0e07\u0e1a\u0e38\u0e23\u0e35\u0e23\u0e31\u0e21\u0e22\u0e4c','Mueang Buri Ram',31,'\u0e08. \u0e1a\u0e38\u0e23\u0e35\u0e23\u0e31\u0e21\u0e22\u0e4c','Buri Ram',14.999E0,103.104E0,1)
INSERT INTO SHEET1 VALUES(19,4,320101,'\u0e15. \u0e43\u0e19\u0e40\u0e21\u0e37\u0e2d\u0e07','Nai Mueang',3201,'\u0e2d. \u0e40\u0e21\u0e37\u0e2d\u0e07\u0e2a\u0e38\u0e23\u0e34\u0e19\u0e17\u0e23\u0e4c','Mueang Surin',32,'\u0e08. \u0e2a\u0e38\u0e23\u0e34\u0e19\u0e17\u0e23\u0e4c','Surin',14.884E0,103.49E0,1)
INSERT INTO SHEET1 VALUES(20,4,330101,'\u0e15. \u0e40\u0e21\u0e37\u0e2d\u0e07\u0e40\u0e2b\u0e19\u0e37\u0e2d','Mueang Nuea',3301,'\u0e2d. \u0e40\u0e21\u0e37\u0e2d\u0e07\u0e28\u0e23\u0e35\u0e2a\u0e30\u0e40\u0e01\u0e29','Mueang Si Sa Ket',33,'\u0e08. \u0e28\u0e23\u0e35\u0e2a\u0e30\u0e40\u0e01\u0e29','Si Sa Ket',15.103E0,104.336E0,1)
INSERT INTO SHEET1 VALUES(21,4,340101,'\u0e15. \u0e43\u0e19\u0e40\u0e21\u0e37\u0e2d\u0e07',NULL,3401,'\u0e2d. \u0e40\u0e21\u0e37\u0e2d\u0e07\u0e2d\u0e38\u0e1a\u0e25\u0e23\u0e32\u0e0a\u0e18\u0e32\u0e19\u0e35','Mueang Ubon Ratchathani',34,'\u0e08. \u0e2d\u0e38\u0e1a\u0e25\u0e23\u0e32\u0e0a\u0e18\u0e32\u0e19\u0e35','Ubon Ratchathani',15.232E0,104.859E0,1)
INSERT INTO SHEET1 VALUES(22,4,350101,'\u0e15. \u0e43\u0e19\u0e40\u0e21\u0e37\u0e2d\u0e07','Nai Mueang',3501,'\u0e2d. \u0e40\u0e21\u0e37\u0e2d\u0e07\u0e22\u0e42\u0e2a\u0e18\u0e23','Mueang Yasothon',35,'\u0e08. \u0e22\u0e42\u0e2a\u0e18\u0e23','Yasothon',15.799E0,104.148E0,1)
INSERT INTO SHEET1 VALUES(23,4,360101,'\u0e15. \u0e43\u0e19\u0e40\u0e21\u0e37\u0e2d\u0e07','Nai Mueang',3601,'\u0e2d. \u0e40\u0e21\u0e37\u0e2d\u0e07\u0e0a\u0e31\u0e22\u0e20\u0e39\u0e21\u0e34','Mueang Chaiyaphum',36,'\u0e08. \u0e0a\u0e31\u0e22\u0e20\u0e39\u0e21\u0e34','Chaiyaphum',15.804E0,102.037E0,1)
INSERT INTO SHEET1 VALUES(24,4,370101,'\u0e15. \u0e1a\u0e38\u0e48\u0e07','Bung',3701,'\u0e2d. \u0e40\u0e21\u0e37\u0e2d\u0e07\u0e2d\u0e33\u0e19\u0e32\u0e08\u0e40\u0e08\u0e23\u0e34\u0e0d','Mueang Amnat Charoen',37,'\u0e08. \u0e2d\u0e33\u0e19\u0e32\u0e08\u0e40\u0e08\u0e23\u0e34\u0e0d','Amnat Charoen',15.872E0,104.635E0,1)
INSERT INTO SHEET1 VALUES(25,4,380101,'\u0e15. \u0e1a\u0e36\u0e07\u0e01\u0e32\u0e2c',NULL,3801,'\u0e2d. \u0e1a\u0e36\u0e07\u0e01\u0e32\u0e2c','Bueng Kan',38,'\u0e08. \u0e1a\u0e36\u0e07\u0e01\u0e32\u0e2c','Bueng Kan',18.331E0,103.679E0,1)
INSERT INTO SHEET1 VALUES(26,4,390101,'\u0e15. \u0e2b\u0e19\u0e2d\u0e07\u0e1a\u0e31\u0e27','Nong Bua',3901,'\u0e2d. \u0e40\u0e21\u0e37\u0e2d\u0e07\u0e2b\u0e19\u0e2d\u0e07\u0e1a\u0e31\u0e27\u0e25\u0e33\u0e20\u0e39','Mueang Nong Bua Lam Phu',39,'\u0e08. \u0e2b\u0e19\u0e2d\u0e07\u0e1a\u0e31\u0e27\u0e25\u0e33\u0e20\u0e39','Nong Bua Lam Phu',17.168E0,102.444E0,1)
INSERT INTO SHEET1 VALUES(27,4,400101,'\u0e15. \u0e43\u0e19\u0e40\u0e21\u0e37\u0e2d\u0e07','Nai Mueang',4001,'\u0e2d. \u0e40\u0e21\u0e37\u0e2d\u0e07\u0e02\u0e2d\u0e19\u0e41\u0e01\u0e48\u0e19','Mueang Khon Kaen',40,'\u0e08. \u0e02\u0e2d\u0e19\u0e41\u0e01\u0e48\u0e19','Khon Kaen',16.438E0,102.837E0,1)
INSERT INTO SHEET1 VALUES(28,4,410101,'\u0e15. \u0e2b\u0e21\u0e32\u0e01\u0e41\u0e02\u0e49\u0e07','Mak Khaeng',4101,'\u0e2d. \u0e40\u0e21\u0e37\u0e2d\u0e07\u0e2d\u0e38\u0e14\u0e23\u0e18\u0e32\u0e19\u0e35','Mueang Udon Thani',41,'\u0e08. \u0e2d\u0e38\u0e14\u0e23\u0e18\u0e32\u0e19\u0e35','Udon Thani',17.411E0,102.792E0,1)
INSERT INTO SHEET1 VALUES(29,4,420101,'\u0e15. \u0e01\u0e38\u0e14\u0e1b\u0e48\u0e2d\u0e07','Kut Pong',4201,'\u0e2d. \u0e40\u0e21\u0e37\u0e2d\u0e07\u0e40\u0e25\u0e22','Mueang Loei',42,'\u0e08. \u0e40\u0e25\u0e22','Loei',17.493E0,101.732E0,1)
INSERT INTO SHEET1 VALUES(30,4,430101,'\u0e15. \u0e43\u0e19\u0e40\u0e21\u0e37\u0e2d\u0e07','Nai Mueang',4301,'\u0e2d. \u0e40\u0e21\u0e37\u0e2d\u0e07\u0e2b\u0e19\u0e2d\u0e07\u0e04\u0e32\u0e22','Mueang Nong Khai',43,'\u0e08. \u0e2b\u0e19\u0e2d\u0e07\u0e04\u0e32\u0e22','Nong Khai',17.89E0,102.761E0,1)
INSERT INTO SHEET1 VALUES(31,4,440101,'\u0e15. \u0e15\u0e25\u0e32\u0e14','Talat',4401,'\u0e2d. \u0e40\u0e21\u0e37\u0e2d\u0e07\u0e21\u0e2b\u0e32\u0e2a\u0e32\u0e23\u0e04\u0e32\u0e21','Mueang Maha Sarakham',44,'\u0e08. \u0e21\u0e2b\u0e32\u0e2a\u0e32\u0e23\u0e04\u0e32\u0e21','Maha Sarakham',16.175E0,103.319E0,1)
INSERT INTO SHEET1 VALUES(32,4,450101,'\u0e15. \u0e43\u0e19\u0e40\u0e21\u0e37\u0e2d\u0e07','Nai Mueang',4501,'\u0e2d. \u0e40\u0e21\u0e37\u0e2d\u0e07\u0e23\u0e49\u0e2d\u0e22\u0e40\u0e2d\u0e47\u0e14','Mueang Roi Et',45,'\u0e08. \u0e23\u0e49\u0e2d\u0e22\u0e40\u0e2d\u0e47\u0e14','Roi Et',16.051E0,103.653E0,1)
INSERT INTO SHEET1 VALUES(33,4,460101,'\u0e15. \u0e01\u0e32\u0e2c\u0e2a\u0e34\u0e19\u0e18\u0e38\u0e4c','Kalasin',4601,'\u0e2d. \u0e40\u0e21\u0e37\u0e2d\u0e07\u0e01\u0e32\u0e2c\u0e2a\u0e34\u0e19\u0e18\u0e38\u0e4c','Mueang Kalasin',46,'\u0e08. \u0e01\u0e32\u0e2c\u0e2a\u0e34\u0e19\u0e18\u0e38\u0e4c','Kalasin',16.437E0,103.522E0,1)
INSERT INTO SHEET1 VALUES(34,4,470101,'\u0e15. \u0e18\u0e32\u0e15\u0e38\u0e40\u0e0a\u0e34\u0e07\u0e0a\u0e38\u0e21','That Choengchum',4701,'\u0e2d. \u0e40\u0e21\u0e37\u0e2d\u0e07\u0e2a\u0e01\u0e25\u0e19\u0e04\u0e23','Mueang Sakon Nakhon',47,'\u0e08. \u0e2a\u0e01\u0e25\u0e19\u0e04\u0e23','Sakon Nakhon',17.163E0,104.162E0,1)
INSERT INTO SHEET1 VALUES(35,4,480101,'\u0e15. \u0e43\u0e19\u0e40\u0e21\u0e37\u0e2d\u0e07','Nai Mueang',4801,'\u0e2d. \u0e40\u0e21\u0e37\u0e2d\u0e07\u0e19\u0e04\u0e23\u0e1e\u0e19\u0e21','Mueang Nakhon Phanom',48,'\u0e08. \u0e19\u0e04\u0e23\u0e1e\u0e19\u0e21','Nakhon Phanom',17.409E0,104.781E0,1)
INSERT INTO SHEET1 VALUES(36,4,490101,'\u0e15. \u0e21\u0e38\u0e01\u0e14\u0e32\u0e2b\u0e32\u0e23','Mukdahan',4901,'\u0e2d. \u0e40\u0e21\u0e37\u0e2d\u0e07\u0e21\u0e38\u0e01\u0e14\u0e32\u0e2b\u0e32\u0e23','Mueang Mukdahan',49,'\u0e08. \u0e21\u0e38\u0e01\u0e14\u0e32\u0e2b\u0e32\u0e23','Mukdahan',16.558E0,104.646E0,1)
INSERT INTO SHEET1 VALUES(37,4,500101,'\u0e15. \u0e28\u0e23\u0e35\u0e20\u0e39\u0e21\u0e34','Si Phum',5001,'\u0e2d. \u0e40\u0e21\u0e37\u0e2d\u0e07\u0e40\u0e0a\u0e35\u0e22\u0e07\u0e43\u0e2b\u0e21\u0e48','Mueang Chiang Mai',50,'\u0e08. \u0e40\u0e0a\u0e35\u0e22\u0e07\u0e43\u0e2b\u0e21\u0e48','Chiang Mai',18.796E0,98.985E0,1)
INSERT INTO SHEET1 VALUES(38,4,510101,'\u0e15. \u0e43\u0e19\u0e40\u0e21\u0e37\u0e2d\u0e07','Nai Mueang',5101,'\u0e2d. \u0e40\u0e21\u0e37\u0e2d\u0e07\u0e25\u0e33\u0e1e\u0e39\u0e19','Mueang Lamphun',51,'\u0e08. \u0e25\u0e33\u0e1e\u0e39\u0e19','Lamphun',18.573E0,99.002E0,1)
INSERT INTO SHEET1 VALUES(39,4,520101,'\u0e15. \u0e40\u0e27\u0e35\u0e22\u0e07\u0e40\u0e2b\u0e19\u0e37\u0e2d \u0e2a\u0e27\u0e19\u0e14\u0e2d\u0e01 \u0e2a\u0e1a\u0e15\u0e38\u0e4b\u0e22 \u0e2d\u0e22\u0e39\u0e48\u0e19\u0e2d\u0e011 \u0e15\u0e33\u0e1a\u0e25 \u0e04\u0e37\u0e2d\u0e2b\u0e31\u0e27\u0e40*',NULL,5201,'\u0e2d. \u0e40\u0e21\u0e37\u0e2d\u0e07\u0e25\u0e33\u0e1b\u0e32\u0e07','Mueang Lampang',52,'\u0e08. \u0e25\u0e33\u0e1b\u0e32\u0e07','Lampang',18.29E0,99.492E0,1)
INSERT INTO SHEET1 VALUES(40,4,530101,'\u0e15. \u0e17\u0e48\u0e32\u0e2d\u0e34\u0e10','Tha It',5301,'\u0e2d. \u0e40\u0e21\u0e37\u0e2d\u0e07\u0e2d\u0e38\u0e15\u0e23\u0e14\u0e34\u0e15\u0e16\u0e4c','Mueang Uttaradit',53,'\u0e08. \u0e2d\u0e38\u0e15\u0e23\u0e14\u0e34\u0e15\u0e16\u0e4c','Uttaradit',17.613E0,100.079E0,1)
INSERT INTO SHEET1 VALUES(41,4,540101,'\u0e15. \u0e43\u0e19\u0e40\u0e27\u0e35\u0e22\u0e07','Nai Wiang',5401,'\u0e2d. \u0e40\u0e21\u0e37\u0e2d\u0e07\u0e41\u0e1e\u0e23\u0e48','Mueang Phrae',54,'\u0e08. \u0e41\u0e1e\u0e23\u0e48','Phrae',18.14E0,100.142E0,1)
INSERT INTO SHEET1 VALUES(42,4,550101,'\u0e15. \u0e43\u0e19\u0e40\u0e27\u0e35\u0e22\u0e07','Nai Wiang',5501,'\u0e2d. \u0e40\u0e21\u0e37\u0e2d\u0e07\u0e19\u0e48\u0e32\u0e19','Mueang Nan',55,'\u0e08. \u0e19\u0e48\u0e32\u0e19','Nan',18.793E0,100.786E0,1)
INSERT INTO SHEET1 VALUES(43,4,560101,'\u0e15. \u0e40\u0e27\u0e35\u0e22\u0e07','Wiang',5601,'\u0e2d. \u0e40\u0e21\u0e37\u0e2d\u0e07\u0e1e\u0e30\u0e40\u0e22\u0e32','Mueang Phayao',56,'\u0e08. \u0e1e\u0e30\u0e40\u0e22\u0e32','Phayao',19.172E0,99.894E0,1)
INSERT INTO SHEET1 VALUES(44,4,570101,'\u0e15. \u0e40\u0e27\u0e35\u0e22\u0e07','Wiang',5701,'\u0e2d. \u0e40\u0e21\u0e37\u0e2d\u0e07\u0e40\u0e0a\u0e35\u0e22\u0e07\u0e23\u0e32\u0e22','Mueang Chiang Rai',57,'\u0e08. \u0e40\u0e0a\u0e35\u0e22\u0e07\u0e23\u0e32\u0e22','Chiang Rai',19.907E0,99.832E0,1)
INSERT INTO SHEET1 VALUES(45,4,580101,'\u0e15. \u0e08\u0e2d\u0e07\u0e04\u0e33','Chong Kham',5801,'\u0e2d. \u0e40\u0e21\u0e37\u0e2d\u0e07\u0e41\u0e21\u0e48\u0e2e\u0e48\u0e2d\u0e07\u0e2a\u0e2d\u0e19','Mueang Mae Hong Son',58,'\u0e08. \u0e41\u0e21\u0e48\u0e2e\u0e48\u0e2d\u0e07\u0e2a\u0e2d\u0e19','Mae Hong Son',19.302E0,97.97E0,1)
INSERT INTO SHEET1 VALUES(46,4,600101,'\u0e15. \u0e1b\u0e32\u0e01\u0e19\u0e49\u0e33\u0e42\u0e1e','Pak Nam Pho',6001,'\u0e2d. \u0e40\u0e21\u0e37\u0e2d\u0e07\u0e19\u0e04\u0e23\u0e2a\u0e27\u0e23\u0e23\u0e04\u0e4c','Mueang Nakhon Sawan',60,'\u0e08. \u0e19\u0e04\u0e23\u0e2a\u0e27\u0e23\u0e23\u0e04\u0e4c','Nakhon Sawan',15.703E0,100.128E0,1)
INSERT INTO SHEET1 VALUES(47,4,610101,'\u0e15. \u0e2d\u0e38\u0e17\u0e31\u0e22\u0e43\u0e2b\u0e21\u0e48','Uthai Mai',6101,'\u0e2d. \u0e40\u0e21\u0e37\u0e2d\u0e07\u0e2d\u0e38\u0e17\u0e31\u0e22\u0e18\u0e32\u0e19\u0e35','Mueang Uthai Thani',61,'\u0e08. \u0e2d\u0e38\u0e17\u0e31\u0e22\u0e18\u0e32\u0e19\u0e35','Uthai Thani',15.375E0,100.031E0,1)
INSERT INTO SHEET1 VALUES(48,4,620101,'\u0e15. \u0e43\u0e19\u0e40\u0e21\u0e37\u0e2d\u0e07','Nai Mueang',6201,'\u0e2d. \u0e40\u0e21\u0e37\u0e2d\u0e07\u0e01\u0e33\u0e41\u0e1e\u0e07\u0e40\u0e1e\u0e0a\u0e23','Mueang Kamphaeng Phet',62,'\u0e08. \u0e01\u0e33\u0e41\u0e1e\u0e07\u0e40\u0e1e\u0e0a\u0e23','Kamphaeng Phet',16.473E0,99.528E0,1)
INSERT INTO SHEET1 VALUES(49,4,630101,'\u0e15. \u0e23\u0e30\u0e41\u0e2b\u0e07',NULL,6301,'\u0e2d. \u0e40\u0e21\u0e37\u0e2d\u0e07\u0e15\u0e32\u0e01','Mueang Tak',63,'\u0e08. \u0e15\u0e32\u0e01','Tak',16.862E0,99.129E0,1)
INSERT INTO SHEET1 VALUES(50,4,640101,'\u0e15. \u0e18\u0e32\u0e19\u0e35','Thani',6401,'\u0e2d. \u0e40\u0e21\u0e37\u0e2d\u0e07\u0e2a\u0e38\u0e42\u0e02\u0e17\u0e31\u0e22','Mueang Sukhothai',64,'\u0e08. \u0e2a\u0e38\u0e42\u0e02\u0e17\u0e31\u0e22','Sukhothai',17.012E0,99.822E0,1)
INSERT INTO SHEET1 VALUES(51,4,650101,'\u0e15. \u0e43\u0e19\u0e40\u0e21\u0e37\u0e2d\u0e07','Nai Mueang',6501,'\u0e2d. \u0e40\u0e21\u0e37\u0e2d\u0e07\u0e1e\u0e34\u0e29\u0e13\u0e38\u0e42\u0e25\u0e01','Mueang Phitsanulok',65,'\u0e08. \u0e1e\u0e34\u0e29\u0e13\u0e38\u0e42\u0e25\u0e01','Phitsanulok',16.815E0,100.26E0,1)
INSERT INTO SHEET1 VALUES(52,4,660101,'\u0e15. \u0e43\u0e19\u0e40\u0e21\u0e37\u0e2d\u0e07','Nai Mueang',6601,'\u0e2d. \u0e40\u0e21\u0e37\u0e2d\u0e07\u0e1e\u0e34\u0e08\u0e34\u0e15\u0e23','Mueang Phichit',66,'\u0e08. \u0e1e\u0e34\u0e08\u0e34\u0e15\u0e23','Phichit',16.443E0,100.343E0,1)
INSERT INTO SHEET1 VALUES(53,4,670101,'\u0e15. \u0e43\u0e19\u0e40\u0e21\u0e37\u0e2d\u0e07','Nai Mueang',6701,'\u0e2d. \u0e40\u0e21\u0e37\u0e2d\u0e07\u0e40\u0e1e\u0e0a\u0e23\u0e1a\u0e39\u0e23\u0e13\u0e4c','Mueang Phetchabun',67,'\u0e08. \u0e40\u0e1e\u0e0a\u0e23\u0e1a\u0e39\u0e23\u0e13\u0e4c','Phetchabun',16.42E0,101.156E0,1)
INSERT INTO SHEET1 VALUES(54,4,700101,'\u0e15. \u0e2b\u0e19\u0e49\u0e32\u0e40\u0e21\u0e37\u0e2d\u0e07','Na Mueang',7001,'\u0e2d. \u0e40\u0e21\u0e37\u0e2d\u0e07\u0e23\u0e32\u0e0a\u0e1a\u0e38\u0e23\u0e35','Mueang Ratchaburi',70,'\u0e08. \u0e23\u0e32\u0e0a\u0e1a\u0e38\u0e23\u0e35','Ratchaburi',13.535E0,99.82E0,1)
INSERT INTO SHEET1 VALUES(55,4,720101,'\u0e15. \u0e17\u0e48\u0e32\u0e1e\u0e35\u0e48\u0e40\u0e25\u0e35\u0e49\u0e22\u0e07','Tha Phi Liang',7201,'\u0e2d. \u0e40\u0e21\u0e37\u0e2d\u0e07\u0e2a\u0e38\u0e1e\u0e23\u0e23\u0e13\u0e1a\u0e38\u0e23\u0e35','Mueang Saphan Buri',72,'\u0e08. \u0e2a\u0e38\u0e1e\u0e23\u0e23\u0e13\u0e1a\u0e38\u0e23\u0e35','Suphan Buri',14.471E0,100.116E0,1)
INSERT INTO SHEET1 VALUES(56,4,730101,'\u0e15. \u0e1e\u0e23\u0e30\u0e1b\u0e10\u0e21\u0e40\u0e08\u0e14\u0e35\u0e22\u0e4c','Phra Pathom Chedi',7301,'\u0e2d. \u0e40\u0e21\u0e37\u0e2d\u0e07\u0e19\u0e04\u0e23\u0e1b\u0e10\u0e21','mueang Nakhon Pathom',73,'\u0e08. \u0e19\u0e04\u0e23\u0e1b\u0e10\u0e21','Nakhon Pathom',13.819E0,100.05E0,1)
INSERT INTO SHEET1 VALUES(57,4,740101,'\u0e15. \u0e21\u0e2b\u0e32\u0e0a\u0e31\u0e22','Mahachai',7401,'\u0e2d. \u0e40\u0e21\u0e37\u0e2d\u0e07\u0e2a\u0e21\u0e38\u0e17\u0e23\u0e2a\u0e32\u0e04\u0e23','Mueang Samut Sakhon',74,'\u0e08. \u0e2a\u0e21\u0e38\u0e17\u0e23\u0e2a\u0e32\u0e04\u0e23','Samut Sakhon',13.552E0,100.28E0,1)
INSERT INTO SHEET1 VALUES(58,4,750101,'\u0e15. \u0e41\u0e21\u0e48\u0e01\u0e25\u0e2d\u0e07','Mae Klong',7501,'\u0e2d. \u0e40\u0e21\u0e37\u0e2d\u0e07\u0e2a\u0e21\u0e38\u0e17\u0e23\u0e2a\u0e07\u0e04\u0e23\u0e32\u0e21','Mueang Samut Songkhram',75,'\u0e08. \u0e2a\u0e21\u0e38\u0e17\u0e23\u0e2a\u0e07\u0e04\u0e23\u0e32\u0e21','Samut Songkhram',13.4E0,99.994E0,1)
INSERT INTO SHEET1 VALUES(59,4,760101,'\u0e15. \u0e17\u0e48\u0e32\u0e23\u0e32\u0e1a','Tha Rap',7601,'\u0e2d. \u0e40\u0e21\u0e37\u0e2d\u0e07\u0e40\u0e1e\u0e0a\u0e23\u0e1a\u0e38\u0e23\u0e35','Mueang Phetchaburi',76,'\u0e08. \u0e40\u0e1e\u0e0a\u0e23\u0e1a\u0e38\u0e23\u0e35','Phetchaburi',13.097E0,99.949E0,1)
INSERT INTO SHEET1 VALUES(60,4,770101,'\u0e15. \u0e1b\u0e23\u0e30\u0e08\u0e27\u0e1a\u0e04\u0e35\u0e23\u0e35\u0e02\u0e31\u0e19\u0e18\u0e4c','Prachuap Khiri Khan',7701,'\u0e2d. \u0e40\u0e21\u0e37\u0e2d\u0e07\u0e1b\u0e23\u0e30\u0e08\u0e27\u0e1a\u0e04\u0e35\u0e23\u0e35\u0e02\u0e31\u0e19\u0e18\u0e4c','Mueang Prachuap Khiri Khan',77,'\u0e08. \u0e1b\u0e23\u0e30\u0e08\u0e27\u0e1a\u0e04\u0e35\u0e23\u0e35\u0e02\u0e31\u0e19\u0e18\u0e4c','Prachuap Khiri Khan',11.805E0,99.784E0,1)
INSERT INTO SHEET1 VALUES(61,4,800101,'\u0e15. \u0e43\u0e19\u0e40\u0e21\u0e37\u0e2d\u0e07','Nai Mueang',8001,'\u0e2d. \u0e40\u0e21\u0e37\u0e2d\u0e07\u0e19\u0e04\u0e23\u0e28\u0e23\u0e35\u0e18\u0e23\u0e23\u0e21\u0e23\u0e32\u0e0a','Mueang Nakhon Si Thammarat',80,'\u0e08. \u0e19\u0e04\u0e23\u0e28\u0e23\u0e35\u0e18\u0e23\u0e23\u0e21\u0e23\u0e32\u0e0a','Nakhon Si Thammarat',8.408E0,99.972E0,1)
INSERT INTO SHEET1 VALUES(62,4,810101,'\u0e15. \u0e1b\u0e32\u0e01\u0e19\u0e49\u0e33',NULL,8101,'\u0e2d. \u0e40\u0e21\u0e37\u0e2d\u0e07\u0e01\u0e23\u0e30\u0e1a\u0e35\u0e48','Mueang Krabi',81,'\u0e08. \u0e01\u0e23\u0e30\u0e1a\u0e35\u0e48','Krabi',8.09E0,98.905E0,1)
INSERT INTO SHEET1 VALUES(63,4,820101,'\u0e15. \u0e17\u0e49\u0e32\u0e22\u0e0a\u0e49\u0e32\u0e07','Thai Chang',8201,'\u0e2d. \u0e40\u0e21\u0e37\u0e2d\u0e07\u0e1e\u0e31\u0e07\u0e07\u0e32','Mueang Phang-nga',82,'\u0e08. \u0e1e\u0e31\u0e07\u0e07\u0e32','Phang-nga',8.446E0,98.524E0,1)
INSERT INTO SHEET1 VALUES(64,4,830101,'\u0e15. \u0e15\u0e25\u0e32\u0e14\u0e43\u0e2b\u0e0d\u0e48','Talat Yai',8301,'\u0e2d. \u0e40\u0e21\u0e37\u0e2d\u0e07\u0e20\u0e39\u0e40\u0e01\u0e47\u0e15','Mueang Phuket',83,'\u0e08. \u0e20\u0e39\u0e40\u0e01\u0e47\u0e15','Phuket',7.888E0,98.394E0,1)
INSERT INTO SHEET1 VALUES(65,4,840101,'\u0e15. \u0e15\u0e25\u0e32\u0e14','Talat',8401,'\u0e2d. \u0e40\u0e21\u0e37\u0e2d\u0e07\u0e2a\u0e38\u0e23\u0e32\u0e29\u0e0e\u0e23\u0e4c\u0e18\u0e32\u0e19\u0e35','Mueang Surat Thani',84,'\u0e08. \u0e2a\u0e38\u0e23\u0e32\u0e29\u0e0e\u0e23\u0e4c\u0e18\u0e32\u0e19\u0e35','Surat Thani',9.137E0,99.32E0,1)
INSERT INTO SHEET1 VALUES(66,4,850101,'\u0e15. \u0e40\u0e02\u0e32\u0e19\u0e34\u0e40\u0e27\u0e28\u0e19\u0e4c','Khao Niwet',8501,'\u0e2d. \u0e40\u0e21\u0e37\u0e2d\u0e07\u0e23\u0e30\u0e19\u0e2d\u0e07','Mueang Ranong',85,'\u0e08. \u0e23\u0e30\u0e19\u0e2d\u0e07','Ranong',9.96E0,98.621E0,1)
INSERT INTO SHEET1 VALUES(67,4,860101,'\u0e15. \u0e17\u0e48\u0e32\u0e15\u0e30\u0e40\u0e20\u0e32','Tha Taphao',8601,'\u0e2d. \u0e40\u0e21\u0e37\u0e2d\u0e07\u0e0a\u0e38\u0e21\u0e1e\u0e23','Mueang Chumphon',86,'\u0e08. \u0e0a\u0e38\u0e21\u0e1e\u0e23','Chumphon',10.498E0,99.179E0,1)
INSERT INTO SHEET1 VALUES(68,4,900101,'\u0e15. \u0e1a\u0e48\u0e2d\u0e22\u0e32\u0e07','Bo Yang',9001,'\u0e2d. \u0e40\u0e21\u0e37\u0e2d\u0e07\u0e2a\u0e07\u0e02\u0e25\u0e32','Muaeng Songkhla',90,'\u0e08. \u0e2a\u0e07\u0e02\u0e25\u0e32','Songkhla',7.198E0,100.596E0,1)
INSERT INTO SHEET1 VALUES(69,4,910101,'\u0e15. \u0e1e\u0e34\u0e21\u0e32\u0e19','Phiman',9101,'\u0e2d. \u0e40\u0e21\u0e37\u0e2d\u0e07\u0e2a\u0e15\u0e39\u0e25','Mueang Satun',91,'\u0e08. \u0e2a\u0e15\u0e39\u0e25','Satun',6.615E0,100.071E0,1)
INSERT INTO SHEET1 VALUES(70,4,920101,'\u0e15. \u0e17\u0e31\u0e1a\u0e40\u0e17\u0e35\u0e48\u0e22\u0e07','Thap Thiang',9201,'\u0e2d. \u0e40\u0e21\u0e37\u0e2d\u0e07\u0e15\u0e23\u0e31\u0e07','Mueang Trang',92,'\u0e08. \u0e15\u0e23\u0e31\u0e07','Trang',7.559E0,99.616E0,1)
INSERT INTO SHEET1 VALUES(71,4,930101,'\u0e15. \u0e04\u0e39\u0e2b\u0e32\u0e2a\u0e27\u0e23\u0e23\u0e04\u0e4c','Khu Ha Sa Wan',9301,'\u0e2d. \u0e40\u0e21\u0e37\u0e2d\u0e07\u0e1e\u0e31\u0e17\u0e25\u0e38\u0e07','Mueang Phatthalung',93,'\u0e08. \u0e1e\u0e31\u0e17\u0e25\u0e38\u0e07','Phatthalung',7.625E0,100.085E0,1)
INSERT INTO SHEET1 VALUES(72,4,940101,'\u0e15. \u0e2a\u0e30\u0e1a\u0e32\u0e23\u0e31\u0e07','Sabarang',9401,'\u0e2d. \u0e40\u0e21\u0e37\u0e2d\u0e07\u0e1b\u0e31\u0e15\u0e15\u0e32\u0e19\u0e35','Mueang Pattani',94,'\u0e08. \u0e1b\u0e31\u0e15\u0e15\u0e32\u0e19\u0e35','Pattani',6.876E0,101.251E0,1)
INSERT INTO SHEET1 VALUES(73,4,950101,'\u0e15. \u0e2a\u0e30\u0e40\u0e15\u0e07','Sateng',9501,'\u0e2d. \u0e40\u0e21\u0e37\u0e2d\u0e07\u0e22\u0e30\u0e25\u0e32','Mueang Yala',95,'\u0e08. \u0e22\u0e30\u0e25\u0e32','Yala',6.547E0,101.28E0,1)
INSERT INTO SHEET1 VALUES(74,4,960101,'\u0e15. \u0e1a\u0e32\u0e07\u0e19\u0e32\u0e04','Bang Nak',9601,'\u0e2d. \u0e40\u0e21\u0e37\u0e2d\u0e07\u0e19\u0e23\u0e32\u0e18\u0e34\u0e27\u0e32\u0e2a','Mueang Narathiwat',96,'\u0e08. \u0e19\u0e23\u0e32\u0e18\u0e34\u0e27\u0e32\u0e2a','Narathiwat',6.424E0,101.82E0,1)
COMMIT
DISCONNECT
/*C2*/DISCONNECT
/*C4*/SET SCHEMA PUBLIC
DROP TABLE sheet1 CASCADE 
DELETE FROM AL_TABLES WHERE TABLE_NAME='sheet1'
COMMIT
CREATE TABLE provinces ( al_id INT IDENTITY , id INTEGER NULL , province LONGVARCHAR NULL , latitude DOUBLE NULL , longitude DOUBLE NULL ) 
INSERT INTO AL_TABLES VALUES('provinces',NULL,'')
COMMIT
/*C5*/SET SCHEMA PUBLIC
INSERT INTO PROVINCES VALUES(0,1,'Bangkok',13.751E0,100.492E0)
INSERT INTO PROVINCES VALUES(1,2,'Samut Prakarn',13.593E0,100.597E0)
INSERT INTO PROVINCES VALUES(2,3,'Nonthaburi',13.842E0,100.494E0)
INSERT INTO PROVINCES VALUES(3,4,'Pathum Thani',14.012E0,100.528E0)
INSERT INTO PROVINCES VALUES(4,5,'Phra Nakhon Si Ayutthaya',14.349E0,100.551E0)
INSERT INTO PROVINCES VALUES(5,6,'Ang Thong',14.592E0,100.453E0)
INSERT INTO PROVINCES VALUES(6,7,'Lop Buri',14.804E0,100.634E0)
INSERT INTO PROVINCES VALUES(7,8,'Sing Buri',14.89E0,100.404E0)
INSERT INTO PROVINCES VALUES(8,9,'Chai Nat',15.181E0,100.127E0)
INSERT INTO PROVINCES VALUES(9,10,'Saraburi',14.527E0,100.915E0)
INSERT INTO PROVINCES VALUES(10,11,'Chon Buri',13.364E0,100.987E0)
INSERT INTO PROVINCES VALUES(11,12,'Rayong',12.672E0,101.266E0)
INSERT INTO PROVINCES VALUES(12,13,'Chanthaburi',12.591E0,102.087E0)
INSERT INTO PROVINCES VALUES(13,14,'Chachoengsao',13.686E0,101.066E0)
INSERT INTO PROVINCES VALUES(14,15,'Prachin Buri',14.057E0,101.374E0)
INSERT INTO PROVINCES VALUES(15,16,'Nakhon Nayok',14.204E0,101.219E0)
INSERT INTO PROVINCES VALUES(16,17,'Nakhon Nayok',14.198E0,101.233E0)
INSERT INTO PROVINCES VALUES(17,18,'Sa kaeo',13.803E0,102.077E0)
INSERT INTO PROVINCES VALUES(18,19,'Buri Ram',14.999E0,103.104E0)
INSERT INTO PROVINCES VALUES(19,20,'Surin',14.884E0,103.49E0)
INSERT INTO PROVINCES VALUES(20,21,'Si Sa Ket',15.103E0,104.336E0)
INSERT INTO PROVINCES VALUES(21,22,'Ubon Ratchathani',15.232E0,104.859E0)
INSERT INTO PROVINCES VALUES(22,23,'Yasothon',15.799E0,104.148E0)
INSERT INTO PROVINCES VALUES(23,24,'Chaiyaphum',15.804E0,102.037E0)
INSERT INTO PROVINCES VALUES(24,25,'Amnat Charoen',15.872E0,104.635E0)
INSERT INTO PROVINCES VALUES(25,26,'Bueng Kan',18.331E0,103.679E0)
INSERT INTO PROVINCES VALUES(26,27,'Nong Bua Lam Phu',17.168E0,102.444E0)
INSERT INTO PROVINCES VALUES(27,28,'Khon Kaen',16.438E0,102.837E0)
INSERT INTO PROVINCES VALUES(28,29,'Udon Thani',17.411E0,102.792E0)
INSERT INTO PROVINCES VALUES(29,30,'Loei',17.493E0,101.732E0)
INSERT INTO PROVINCES VALUES(30,31,'Nong Khai',17.89E0,102.761E0)
INSERT INTO PROVINCES VALUES(31,32,'Maha Sarakham',16.175E0,103.319E0)
INSERT INTO PROVINCES VALUES(32,33,'Roi Et',16.051E0,103.653E0)
INSERT INTO PROVINCES VALUES(33,34,'Kalasin',16.437E0,103.522E0)
INSERT INTO PROVINCES VALUES(34,35,'Sakon Nakhon',17.163E0,104.162E0)
INSERT INTO PROVINCES VALUES(35,36,'Nakhon Phanom',17.409E0,104.781E0)
INSERT INTO PROVINCES VALUES(36,37,'Mukdahan',16.558E0,104.646E0)
INSERT INTO PROVINCES VALUES(37,38,'Chiang Mai',18.796E0,98.985E0)
INSERT INTO PROVINCES VALUES(38,39,'Lamphun',18.573E0,99.002E0)
INSERT INTO PROVINCES VALUES(39,40,'Lampang',18.29E0,99.492E0)
INSERT INTO PROVINCES VALUES(40,41,'Uttaradit',17.613E0,100.079E0)
INSERT INTO PROVINCES VALUES(41,42,'Phrae',18.14E0,100.142E0)
INSERT INTO PROVINCES VALUES(42,43,'Nan',18.793E0,100.786E0)
INSERT INTO PROVINCES VALUES(43,44,'Phayao',19.172E0,99.894E0)
INSERT INTO PROVINCES VALUES(44,45,'Chiang Rai',19.907E0,99.832E0)
INSERT INTO PROVINCES VALUES(45,46,'Mae Hong Son',19.302E0,97.97E0)
INSERT INTO PROVINCES VALUES(46,47,'Nakhon Sawan',15.703E0,100.128E0)
INSERT INTO PROVINCES VALUES(47,48,'Uthai Thani',15.375E0,100.031E0)
INSERT INTO PROVINCES VALUES(48,49,'Kamphaeng Phet',16.473E0,99.528E0)
INSERT INTO PROVINCES VALUES(49,50,'Tak',16.862E0,99.129E0)
INSERT INTO PROVINCES VALUES(50,51,'Sukhothai',17.012E0,99.822E0)
INSERT INTO PROVINCES VALUES(51,52,'Phitsanulok',16.815E0,100.26E0)
INSERT INTO PROVINCES VALUES(52,53,'Phichit',16.443E0,100.343E0)
INSERT INTO PROVINCES VALUES(53,54,'Phetchabun',16.42E0,101.156E0)
INSERT INTO PROVINCES VALUES(54,55,'Ratchaburi',13.535E0,99.82E0)
INSERT INTO PROVINCES VALUES(55,56,'Suphan Buri',14.471E0,100.116E0)
INSERT INTO PROVINCES VALUES(56,57,'Nakhon Pathom',13.819E0,100.05E0)
INSERT INTO PROVINCES VALUES(57,58,'Samut Sakhon',13.552E0,100.28E0)
INSERT INTO PROVINCES VALUES(58,59,'Samut Songkhram',13.4E0,99.994E0)
INSERT INTO PROVINCES VALUES(59,60,'Phetchaburi',13.097E0,99.949E0)
INSERT INTO PROVINCES VALUES(60,61,'Prachuap Khiri Khan',11.805E0,99.784E0)
INSERT INTO PROVINCES VALUES(61,62,'Nakhon Si Thammarat',8.408E0,99.972E0)
INSERT INTO PROVINCES VALUES(62,63,'Krabi',8.09E0,98.905E0)
INSERT INTO PROVINCES VALUES(63,64,'Phang-nga',8.446E0,98.524E0)
INSERT INTO PROVINCES VALUES(64,65,'Phuket',7.888E0,98.394E0)
INSERT INTO PROVINCES VALUES(65,66,'Surat Thani',9.137E0,99.32E0)
INSERT INTO PROVINCES VALUES(66,67,'Ranong',9.96E0,98.621E0)
INSERT INTO PROVINCES VALUES(67,68,'Chumphon',10.498E0,99.179E0)
INSERT INTO PROVINCES VALUES(68,69,'Songkhla',7.198E0,100.596E0)
INSERT INTO PROVINCES VALUES(69,70,'Satun',6.615E0,100.071E0)
INSERT INTO PROVINCES VALUES(70,71,'Trang',7.559E0,99.616E0)
INSERT INTO PROVINCES VALUES(71,72,'Phatthalung',7.625E0,100.085E0)
INSERT INTO PROVINCES VALUES(72,73,'Pattani',6.876E0,101.251E0)
INSERT INTO PROVINCES VALUES(73,74,'Yala',6.547E0,101.28E0)
INSERT INTO PROVINCES VALUES(74,75,'Narathiwat',6.424E0,101.82E0)
COMMIT
DISCONNECT
/*C4*/DISCONNECT
/*C7*/SET SCHEMA PUBLIC
DISCONNECT
/*C8*/SET SCHEMA PUBLIC
DISCONNECT
/*C6*/SET SCHEMA PUBLIC
DISCONNECT
/*C10*/SET SCHEMA PUBLIC
DISCONNECT
/*C9*/SET SCHEMA PUBLIC
DISCONNECT
/*C12*/SET SCHEMA PUBLIC
DISCONNECT
/*C11*/SET SCHEMA PUBLIC
DISCONNECT
/*C14*/SET SCHEMA PUBLIC
DISCONNECT
/*C13*/SET SCHEMA PUBLIC
DISCONNECT
/*C16*/SET SCHEMA PUBLIC
DISCONNECT
/*C17*/SET SCHEMA PUBLIC
DISCONNECT
/*C18*/SET SCHEMA PUBLIC
DISCONNECT
/*C15*/SET SCHEMA PUBLIC
CREATE TABLE rice_2019_01 ( al_id INT IDENTITY , date TIMESTAMP NULL , area LONGVARCHAR NULL , product LONGVARCHAR NULL , key LONGVARCHAR NULL , value INTEGER NULL , latitude DOUBLE NULL , longitude DOUBLE NULL ) 
INSERT INTO AL_TABLES VALUES('rice_2019_01',NULL,'')
COMMIT
/*C19*/SET SCHEMA PUBLIC
INSERT INTO RICE_2019_01 VALUES(0,'2019-01-01 00:00:00.000000','\u0e40\u0e0a\u0e35\u0e22\u0e07\u0e23\u0e32\u0e22','\u0e02\u0e49\u0e32\u0e27\u0e19\u0e32\u0e1b\u0e35','\u0e1c\u0e25\u0e1c\u0e25\u0e34\u0e15',2836,19.907E0,99.832E0)
INSERT INTO RICE_2019_01 VALUES(1,'2019-01-01 00:00:00.000000','\u0e1e\u0e30\u0e40\u0e22\u0e32','\u0e02\u0e49\u0e32\u0e27\u0e19\u0e32\u0e1b\u0e35','\u0e1c\u0e25\u0e1c\u0e25\u0e34\u0e15',823,19.172E0,99.894E0)
INSERT INTO RICE_2019_01 VALUES(2,'2019-01-01 00:00:00.000000','\u0e25\u0e33\u0e1b\u0e32\u0e07','\u0e02\u0e49\u0e32\u0e27\u0e19\u0e32\u0e1b\u0e35','\u0e1c\u0e25\u0e1c\u0e25\u0e34\u0e15',0,18.29E0,99.492E0)
INSERT INTO RICE_2019_01 VALUES(3,'2019-01-01 00:00:00.000000','\u0e25\u0e33\u0e1e\u0e39\u0e19','\u0e02\u0e49\u0e32\u0e27\u0e19\u0e32\u0e1b\u0e35','\u0e1c\u0e25\u0e1c\u0e25\u0e34\u0e15',0,18.573E0,99.002E0)
INSERT INTO RICE_2019_01 VALUES(4,'2019-01-01 00:00:00.000000','\u0e40\u0e0a\u0e35\u0e22\u0e07\u0e43\u0e2b\u0e21\u0e48','\u0e02\u0e49\u0e32\u0e27\u0e19\u0e32\u0e1b\u0e35','\u0e1c\u0e25\u0e1c\u0e25\u0e34\u0e15',390,18.796E0,98.985E0)
INSERT INTO RICE_2019_01 VALUES(5,'2019-01-01 00:00:00.000000','\u0e41\u0e21\u0e48\u0e2e\u0e48\u0e2d\u0e07\u0e2a\u0e2d\u0e19','\u0e02\u0e49\u0e32\u0e27\u0e19\u0e32\u0e1b\u0e35','\u0e1c\u0e25\u0e1c\u0e25\u0e34\u0e15',0,19.302E0,97.97E0)
INSERT INTO RICE_2019_01 VALUES(6,'2019-01-01 00:00:00.000000','\u0e15\u0e32\u0e01','\u0e02\u0e49\u0e32\u0e27\u0e19\u0e32\u0e1b\u0e35','\u0e1c\u0e25\u0e1c\u0e25\u0e34\u0e15',655,16.862E0,99.129E0)
INSERT INTO RICE_2019_01 VALUES(7,'2019-01-01 00:00:00.000000','\u0e01\u0e33\u0e41\u0e1e\u0e07\u0e40\u0e1e\u0e0a\u0e23','\u0e02\u0e49\u0e32\u0e27\u0e19\u0e32\u0e1b\u0e35','\u0e1c\u0e25\u0e1c\u0e25\u0e34\u0e15',26471,16.473E0,99.528E0)
INSERT INTO RICE_2019_01 VALUES(8,'2019-01-01 00:00:00.000000','\u0e2a\u0e38\u0e42\u0e02\u0e17\u0e31\u0e22','\u0e02\u0e49\u0e32\u0e27\u0e19\u0e32\u0e1b\u0e35','\u0e1c\u0e25\u0e1c\u0e25\u0e34\u0e15',19882,17.012E0,99.822E0)
INSERT INTO RICE_2019_01 VALUES(9,'2019-01-01 00:00:00.000000','\u0e41\u0e1e\u0e23\u0e48','\u0e02\u0e49\u0e32\u0e27\u0e19\u0e32\u0e1b\u0e35','\u0e1c\u0e25\u0e1c\u0e25\u0e34\u0e15',0,18.14E0,100.142E0)
INSERT INTO RICE_2019_01 VALUES(10,'2019-01-01 00:00:00.000000','\u0e19\u0e48\u0e32\u0e19','\u0e02\u0e49\u0e32\u0e27\u0e19\u0e32\u0e1b\u0e35','\u0e1c\u0e25\u0e1c\u0e25\u0e34\u0e15',0,18.793E0,100.786E0)
INSERT INTO RICE_2019_01 VALUES(11,'2019-01-01 00:00:00.000000','\u0e2d\u0e38\u0e15\u0e23\u0e14\u0e34\u0e15\u0e16\u0e4c','\u0e02\u0e49\u0e32\u0e27\u0e19\u0e32\u0e1b\u0e35','\u0e1c\u0e25\u0e1c\u0e25\u0e34\u0e15',2590,17.613E0,100.079E0)
INSERT INTO RICE_2019_01 VALUES(12,'2019-01-01 00:00:00.000000','\u0e1e\u0e34\u0e29\u0e13\u0e38\u0e42\u0e25\u0e01','\u0e02\u0e49\u0e32\u0e27\u0e19\u0e32\u0e1b\u0e35','\u0e1c\u0e25\u0e1c\u0e25\u0e34\u0e15',14543,16.815E0,100.26E0)
INSERT INTO RICE_2019_01 VALUES(13,'2019-01-01 00:00:00.000000','\u0e1e\u0e34\u0e08\u0e34\u0e15\u0e23','\u0e02\u0e49\u0e32\u0e27\u0e19\u0e32\u0e1b\u0e35','\u0e1c\u0e25\u0e1c\u0e25\u0e34\u0e15',45774,16.443E0,100.343E0)
INSERT INTO RICE_2019_01 VALUES(14,'2019-01-01 00:00:00.000000','\u0e19\u0e04\u0e23\u0e2a\u0e27\u0e23\u0e23\u0e04\u0e4c','\u0e02\u0e49\u0e32\u0e27\u0e19\u0e32\u0e1b\u0e35','\u0e1c\u0e25\u0e1c\u0e25\u0e34\u0e15',77244,15.703E0,100.128E0)
INSERT INTO RICE_2019_01 VALUES(15,'2019-01-01 00:00:00.000000','\u0e2d\u0e38\u0e17\u0e31\u0e22\u0e18\u0e32\u0e19\u0e35','\u0e02\u0e49\u0e32\u0e27\u0e19\u0e32\u0e1b\u0e35','\u0e1c\u0e25\u0e1c\u0e25\u0e34\u0e15',18816,15.375E0,100.031E0)
INSERT INTO RICE_2019_01 VALUES(16,'2019-01-01 00:00:00.000000','\u0e40\u0e1e\u0e0a\u0e23\u0e1a\u0e39\u0e23\u0e13\u0e4c','\u0e02\u0e49\u0e32\u0e27\u0e19\u0e32\u0e1b\u0e35','\u0e1c\u0e25\u0e1c\u0e25\u0e34\u0e15',12156,16.42E0,101.156E0)
INSERT INTO RICE_2019_01 VALUES(17,'2019-01-01 00:00:00.000000','\u0e40\u0e25\u0e22','\u0e02\u0e49\u0e32\u0e27\u0e19\u0e32\u0e1b\u0e35','\u0e1c\u0e25\u0e1c\u0e25\u0e34\u0e15',0,17.493E0,101.732E0)
INSERT INTO RICE_2019_01 VALUES(18,'2019-01-01 00:00:00.000000','\u0e2b\u0e19\u0e2d\u0e07\u0e1a\u0e31\u0e27\u0e25\u0e33\u0e20\u0e39','\u0e02\u0e49\u0e32\u0e27\u0e19\u0e32\u0e1b\u0e35','\u0e1c\u0e25\u0e1c\u0e25\u0e34\u0e15',0,17.168E0,102.444E0)
INSERT INTO RICE_2019_01 VALUES(19,'2019-01-01 00:00:00.000000','\u0e2d\u0e38\u0e14\u0e23\u0e18\u0e32\u0e19\u0e35','\u0e02\u0e49\u0e32\u0e27\u0e19\u0e32\u0e1b\u0e35','\u0e1c\u0e25\u0e1c\u0e25\u0e34\u0e15',0,17.411E0,102.792E0)
INSERT INTO RICE_2019_01 VALUES(20,'2019-01-01 00:00:00.000000','\u0e2b\u0e19\u0e2d\u0e07\u0e04\u0e32\u0e22','\u0e02\u0e49\u0e32\u0e27\u0e19\u0e32\u0e1b\u0e35','\u0e1c\u0e25\u0e1c\u0e25\u0e34\u0e15',0,17.89E0,102.761E0)
INSERT INTO RICE_2019_01 VALUES(21,'2019-01-01 00:00:00.000000','\u0e1a\u0e36\u0e07\u0e01\u0e32\u0e2c','\u0e02\u0e49\u0e32\u0e27\u0e19\u0e32\u0e1b\u0e35','\u0e1c\u0e25\u0e1c\u0e25\u0e34\u0e15',0,18.331E0,103.679E0)
INSERT INTO RICE_2019_01 VALUES(22,'2019-01-01 00:00:00.000000','\u0e2a\u0e01\u0e25\u0e19\u0e04\u0e23','\u0e02\u0e49\u0e32\u0e27\u0e19\u0e32\u0e1b\u0e35','\u0e1c\u0e25\u0e1c\u0e25\u0e34\u0e15',0,17.163E0,104.162E0)
INSERT INTO RICE_2019_01 VALUES(23,'2019-01-01 00:00:00.000000','\u0e19\u0e04\u0e23\u0e1e\u0e19\u0e21','\u0e02\u0e49\u0e32\u0e27\u0e19\u0e32\u0e1b\u0e35','\u0e1c\u0e25\u0e1c\u0e25\u0e34\u0e15',0,17.409E0,104.781E0)
INSERT INTO RICE_2019_01 VALUES(24,'2019-01-01 00:00:00.000000','\u0e21\u0e38\u0e01\u0e14\u0e32\u0e2b\u0e32\u0e23','\u0e02\u0e49\u0e32\u0e27\u0e19\u0e32\u0e1b\u0e35','\u0e1c\u0e25\u0e1c\u0e25\u0e34\u0e15',0,16.558E0,104.646E0)
INSERT INTO RICE_2019_01 VALUES(25,'2019-01-01 00:00:00.000000','\u0e22\u0e42\u0e2a\u0e18\u0e23','\u0e02\u0e49\u0e32\u0e27\u0e19\u0e32\u0e1b\u0e35','\u0e1c\u0e25\u0e1c\u0e25\u0e34\u0e15',0,15.799E0,104.148E0)
INSERT INTO RICE_2019_01 VALUES(26,'2019-01-01 00:00:00.000000','\u0e2d\u0e33\u0e19\u0e32\u0e08\u0e40\u0e08\u0e23\u0e34\u0e0d','\u0e02\u0e49\u0e32\u0e27\u0e19\u0e32\u0e1b\u0e35','\u0e1c\u0e25\u0e1c\u0e25\u0e34\u0e15',0,15.872E0,104.635E0)
INSERT INTO RICE_2019_01 VALUES(27,'2019-01-01 00:00:00.000000','\u0e2d\u0e38\u0e1a\u0e25\u0e23\u0e32\u0e0a\u0e18\u0e32\u0e19\u0e35','\u0e02\u0e49\u0e32\u0e27\u0e19\u0e32\u0e1b\u0e35','\u0e1c\u0e25\u0e1c\u0e25\u0e34\u0e15',0,15.232E0,104.859E0)
INSERT INTO RICE_2019_01 VALUES(28,'2019-01-01 00:00:00.000000','\u0e28\u0e23\u0e35\u0e2a\u0e30\u0e40\u0e01\u0e29','\u0e02\u0e49\u0e32\u0e27\u0e19\u0e32\u0e1b\u0e35','\u0e1c\u0e25\u0e1c\u0e25\u0e34\u0e15',0,15.103E0,104.336E0)
INSERT INTO RICE_2019_01 VALUES(29,'2019-01-01 00:00:00.000000','\u0e2a\u0e38\u0e23\u0e34\u0e19\u0e17\u0e23\u0e4c','\u0e02\u0e49\u0e32\u0e27\u0e19\u0e32\u0e1b\u0e35','\u0e1c\u0e25\u0e1c\u0e25\u0e34\u0e15',0,14.884E0,103.49E0)
INSERT INTO RICE_2019_01 VALUES(30,'2019-01-01 00:00:00.000000','\u0e1a\u0e38\u0e23\u0e35\u0e23\u0e31\u0e21\u0e22\u0e4c','\u0e02\u0e49\u0e32\u0e27\u0e19\u0e32\u0e1b\u0e35','\u0e1c\u0e25\u0e1c\u0e25\u0e34\u0e15',0,14.999E0,103.104E0)
INSERT INTO RICE_2019_01 VALUES(31,'2019-01-01 00:00:00.000000','\u0e21\u0e2b\u0e32\u0e2a\u0e32\u0e23\u0e04\u0e32\u0e21','\u0e02\u0e49\u0e32\u0e27\u0e19\u0e32\u0e1b\u0e35','\u0e1c\u0e25\u0e1c\u0e25\u0e34\u0e15',0,16.175E0,103.319E0)
INSERT INTO RICE_2019_01 VALUES(32,'2019-01-01 00:00:00.000000','\u0e23\u0e49\u0e2d\u0e22\u0e40\u0e2d\u0e47\u0e14','\u0e02\u0e49\u0e32\u0e27\u0e19\u0e32\u0e1b\u0e35','\u0e1c\u0e25\u0e1c\u0e25\u0e34\u0e15',0,16.051E0,103.653E0)
INSERT INTO RICE_2019_01 VALUES(33,'2019-01-01 00:00:00.000000','\u0e01\u0e32\u0e2c\u0e2a\u0e34\u0e19\u0e18\u0e38\u0e4c','\u0e02\u0e49\u0e32\u0e27\u0e19\u0e32\u0e1b\u0e35','\u0e1c\u0e25\u0e1c\u0e25\u0e34\u0e15',0,16.437E0,103.522E0)
INSERT INTO RICE_2019_01 VALUES(34,'2019-01-01 00:00:00.000000','\u0e02\u0e2d\u0e19\u0e41\u0e01\u0e48\u0e19','\u0e02\u0e49\u0e32\u0e27\u0e19\u0e32\u0e1b\u0e35','\u0e1c\u0e25\u0e1c\u0e25\u0e34\u0e15',0,16.438E0,102.837E0)
INSERT INTO RICE_2019_01 VALUES(35,'2019-01-01 00:00:00.000000','\u0e0a\u0e31\u0e22\u0e20\u0e39\u0e21\u0e34','\u0e02\u0e49\u0e32\u0e27\u0e19\u0e32\u0e1b\u0e35','\u0e1c\u0e25\u0e1c\u0e25\u0e34\u0e15',0,15.804E0,102.037E0)
INSERT INTO RICE_2019_01 VALUES(36,'2019-01-01 00:00:00.000000','\u0e19\u0e04\u0e23\u0e23\u0e32\u0e0a\u0e2a\u0e35\u0e21\u0e32','\u0e02\u0e49\u0e32\u0e27\u0e19\u0e32\u0e1b\u0e35','\u0e1c\u0e25\u0e1c\u0e25\u0e34\u0e15',2632,14.906E0,102.102E0)
INSERT INTO RICE_2019_01 VALUES(37,'2019-01-01 00:00:00.000000','\u0e2a\u0e23\u0e30\u0e1a\u0e38\u0e23\u0e35','\u0e02\u0e49\u0e32\u0e27\u0e19\u0e32\u0e1b\u0e35','\u0e1c\u0e25\u0e1c\u0e25\u0e34\u0e15',11736,14.527E0,100.915E0)
INSERT INTO RICE_2019_01 VALUES(38,'2019-01-01 00:00:00.000000','\u0e25\u0e1e\u0e1a\u0e38\u0e23\u0e35','\u0e02\u0e49\u0e32\u0e27\u0e19\u0e32\u0e1b\u0e35','\u0e1c\u0e25\u0e1c\u0e25\u0e34\u0e15',15036,14.804E0,100.634E0)
INSERT INTO RICE_2019_01 VALUES(39,'2019-01-01 00:00:00.000000','\u0e2a\u0e34\u0e07\u0e2b\u0e4c\u0e1a\u0e38\u0e23\u0e35','\u0e02\u0e49\u0e32\u0e27\u0e19\u0e32\u0e1b\u0e35','\u0e1c\u0e25\u0e1c\u0e25\u0e34\u0e15',10625,14.89E0,100.404E0)
INSERT INTO RICE_2019_01 VALUES(40,'2019-01-01 00:00:00.000000','\u0e0a\u0e31\u0e22\u0e19\u0e32\u0e17','\u0e02\u0e49\u0e32\u0e27\u0e19\u0e32\u0e1b\u0e35','\u0e1c\u0e25\u0e1c\u0e25\u0e34\u0e15',33914,15.181E0,100.127E0)
INSERT INTO RICE_2019_01 VALUES(41,'2019-01-01 00:00:00.000000','\u0e2a\u0e38\u0e1e\u0e23\u0e23\u0e13\u0e1a\u0e38\u0e23\u0e35','\u0e02\u0e49\u0e32\u0e27\u0e19\u0e32\u0e1b\u0e35','\u0e1c\u0e25\u0e1c\u0e25\u0e34\u0e15',33643,14.471E0,100.116E0)
INSERT INTO RICE_2019_01 VALUES(42,'2019-01-01 00:00:00.000000','\u0e2d\u0e48\u0e32\u0e07\u0e17\u0e2d\u0e07','\u0e02\u0e49\u0e32\u0e27\u0e19\u0e32\u0e1b\u0e35','\u0e1c\u0e25\u0e1c\u0e25\u0e34\u0e15',27116,14.592E0,100.453E0)
INSERT INTO RICE_2019_01 VALUES(43,'2019-01-01 00:00:00.000000','\u0e1e\u0e23\u0e30\u0e19\u0e04\u0e23\u0e28\u0e23\u0e35\u0e2d\u0e22\u0e38\u0e18\u0e22\u0e32','\u0e02\u0e49\u0e32\u0e27\u0e19\u0e32\u0e1b\u0e35','\u0e1c\u0e25\u0e1c\u0e25\u0e34\u0e15',23606,14.349E0,100.551E0)
INSERT INTO RICE_2019_01 VALUES(44,'2019-01-01 00:00:00.000000','\u0e19\u0e19\u0e17\u0e1a\u0e38\u0e23\u0e35','\u0e02\u0e49\u0e32\u0e27\u0e19\u0e32\u0e1b\u0e35','\u0e1c\u0e25\u0e1c\u0e25\u0e34\u0e15',1755,13.842E0,100.494E0)
INSERT INTO RICE_2019_01 VALUES(45,'2019-01-01 00:00:00.000000','\u0e01\u0e23\u0e38\u0e07\u0e40\u0e17\u0e1e\u0e21\u0e2b\u0e32\u0e19\u0e04\u0e23','\u0e02\u0e49\u0e32\u0e27\u0e19\u0e32\u0e1b\u0e35','\u0e1c\u0e25\u0e1c\u0e25\u0e34\u0e15',3815,13.751E0,100.492E0)
INSERT INTO RICE_2019_01 VALUES(46,'2019-01-01 00:00:00.000000','\u0e1b\u0e17\u0e38\u0e21\u0e18\u0e32\u0e19\u0e35','\u0e02\u0e49\u0e32\u0e27\u0e19\u0e32\u0e1b\u0e35','\u0e1c\u0e25\u0e1c\u0e25\u0e34\u0e15',32761,14.012E0,100.528E0)
INSERT INTO RICE_2019_01 VALUES(47,'2019-01-01 00:00:00.000000','\u0e19\u0e04\u0e23\u0e19\u0e32\u0e22\u0e01','\u0e02\u0e49\u0e32\u0e27\u0e19\u0e32\u0e1b\u0e35','\u0e1c\u0e25\u0e1c\u0e25\u0e34\u0e15',20679,14.204E0,101.219E0)
INSERT INTO RICE_2019_01 VALUES(48,'2019-01-01 00:00:00.000000','\u0e1b\u0e23\u0e32\u0e08\u0e35\u0e19\u0e1a\u0e38\u0e23\u0e35','\u0e02\u0e49\u0e32\u0e27\u0e19\u0e32\u0e1b\u0e35','\u0e1c\u0e25\u0e1c\u0e25\u0e34\u0e15',8574,14.057E0,101.374E0)
INSERT INTO RICE_2019_01 VALUES(49,'2019-01-01 00:00:00.000000','\u0e09\u0e30\u0e40\u0e0a\u0e34\u0e07\u0e40\u0e17\u0e23\u0e32','\u0e02\u0e49\u0e32\u0e27\u0e19\u0e32\u0e1b\u0e35','\u0e1c\u0e25\u0e1c\u0e25\u0e34\u0e15',79521,13.686E0,101.066E0)
INSERT INTO RICE_2019_01 VALUES(50,'2019-01-01 00:00:00.000000','\u0e2a\u0e23\u0e30\u0e41\u0e01\u0e49\u0e27','\u0e02\u0e49\u0e32\u0e27\u0e19\u0e32\u0e1b\u0e35','\u0e1c\u0e25\u0e1c\u0e25\u0e34\u0e15',172,13.803E0,102.077E0)
INSERT INTO RICE_2019_01 VALUES(51,'2019-01-01 00:00:00.000000','\u0e08\u0e31\u0e19\u0e17\u0e1a\u0e38\u0e23\u0e35','\u0e02\u0e49\u0e32\u0e27\u0e19\u0e32\u0e1b\u0e35','\u0e1c\u0e25\u0e1c\u0e25\u0e34\u0e15',0,12.591E0,102.087E0)
INSERT INTO RICE_2019_01 VALUES(52,'2019-01-01 00:00:00.000000','\u0e15\u0e23\u0e32\u0e14','\u0e02\u0e49\u0e32\u0e27\u0e19\u0e32\u0e1b\u0e35','\u0e1c\u0e25\u0e1c\u0e25\u0e34\u0e15',0,12.216E0,102.504E0)
INSERT INTO RICE_2019_01 VALUES(53,'2019-01-01 00:00:00.000000','\u0e23\u0e30\u0e22\u0e2d\u0e07','\u0e02\u0e49\u0e32\u0e27\u0e19\u0e32\u0e1b\u0e35','\u0e1c\u0e25\u0e1c\u0e25\u0e34\u0e15',99,12.672E0,101.266E0)
INSERT INTO RICE_2019_01 VALUES(54,'2019-01-01 00:00:00.000000','\u0e0a\u0e25\u0e1a\u0e38\u0e23\u0e35','\u0e02\u0e49\u0e32\u0e27\u0e19\u0e32\u0e1b\u0e35','\u0e1c\u0e25\u0e1c\u0e25\u0e34\u0e15',1314,13.364E0,100.987E0)
INSERT INTO RICE_2019_01 VALUES(55,'2019-01-01 00:00:00.000000','\u0e2a\u0e21\u0e38\u0e17\u0e23\u0e1b\u0e23\u0e32\u0e01\u0e32\u0e23','\u0e02\u0e49\u0e32\u0e27\u0e19\u0e32\u0e1b\u0e35','\u0e1c\u0e25\u0e1c\u0e25\u0e34\u0e15',199,13.593E0,100.597E0)
INSERT INTO RICE_2019_01 VALUES(56,'2019-01-01 00:00:00.000000','\u0e2a\u0e21\u0e38\u0e17\u0e23\u0e2a\u0e32\u0e04\u0e23','\u0e02\u0e49\u0e32\u0e27\u0e19\u0e32\u0e1b\u0e35','\u0e1c\u0e25\u0e1c\u0e25\u0e34\u0e15',686,13.552E0,100.28E0)
INSERT INTO RICE_2019_01 VALUES(57,'2019-01-01 00:00:00.000000','\u0e19\u0e04\u0e23\u0e1b\u0e10\u0e21','\u0e02\u0e49\u0e32\u0e27\u0e19\u0e32\u0e1b\u0e35','\u0e1c\u0e25\u0e1c\u0e25\u0e34\u0e15',15305,13.819E0,100.05E0)
INSERT INTO RICE_2019_01 VALUES(58,'2019-01-01 00:00:00.000000','\u0e01\u0e32\u0e0d\u0e08\u0e19\u0e1a\u0e38\u0e23\u0e35','\u0e02\u0e49\u0e32\u0e27\u0e19\u0e32\u0e1b\u0e35','\u0e1c\u0e25\u0e1c\u0e25\u0e34\u0e15',2599,14.039E0,99.551E0)
INSERT INTO RICE_2019_01 VALUES(59,'2019-01-01 00:00:00.000000','\u0e23\u0e32\u0e0a\u0e1a\u0e38\u0e23\u0e35','\u0e02\u0e49\u0e32\u0e27\u0e19\u0e32\u0e1b\u0e35','\u0e1c\u0e25\u0e1c\u0e25\u0e34\u0e15',3513,13.535E0,99.82E0)
INSERT INTO RICE_2019_01 VALUES(60,'2019-01-01 00:00:00.000000','\u0e2a\u0e21\u0e38\u0e17\u0e23\u0e2a\u0e07\u0e04\u0e23\u0e32\u0e21','\u0e02\u0e49\u0e32\u0e27\u0e19\u0e32\u0e1b\u0e35','\u0e1c\u0e25\u0e1c\u0e25\u0e34\u0e15',180,13.4E0,99.994E0)
INSERT INTO RICE_2019_01 VALUES(61,'2019-01-01 00:00:00.000000','\u0e40\u0e1e\u0e0a\u0e23\u0e1a\u0e38\u0e23\u0e35','\u0e02\u0e49\u0e32\u0e27\u0e19\u0e32\u0e1b\u0e35','\u0e1c\u0e25\u0e1c\u0e25\u0e34\u0e15',22405,13.097E0,99.949E0)
INSERT INTO RICE_2019_01 VALUES(62,'2019-01-01 00:00:00.000000','\u0e1b\u0e23\u0e30\u0e08\u0e27\u0e1a\u0e04\u0e35\u0e23\u0e35\u0e02\u0e31\u0e19\u0e18\u0e4c','\u0e02\u0e49\u0e32\u0e27\u0e19\u0e32\u0e1b\u0e35','\u0e1c\u0e25\u0e1c\u0e25\u0e34\u0e15',1181,11.805E0,99.784E0)
INSERT INTO RICE_2019_01 VALUES(63,'2019-01-01 00:00:00.000000','\u0e0a\u0e38\u0e21\u0e1e\u0e23','\u0e02\u0e49\u0e32\u0e27\u0e19\u0e32\u0e1b\u0e35','\u0e1c\u0e25\u0e1c\u0e25\u0e34\u0e15',268,10.498E0,99.179E0)
INSERT INTO RICE_2019_01 VALUES(64,'2019-01-01 00:00:00.000000','\u0e23\u0e30\u0e19\u0e2d\u0e07','\u0e02\u0e49\u0e32\u0e27\u0e19\u0e32\u0e1b\u0e35','\u0e1c\u0e25\u0e1c\u0e25\u0e34\u0e15',144,9.96E0,98.621E0)
INSERT INTO RICE_2019_01 VALUES(65,'2019-01-01 00:00:00.000000','\u0e2a\u0e38\u0e23\u0e32\u0e29\u0e0e\u0e23\u0e4c\u0e18\u0e32\u0e19\u0e35','\u0e02\u0e49\u0e32\u0e27\u0e19\u0e32\u0e1b\u0e35','\u0e1c\u0e25\u0e1c\u0e25\u0e34\u0e15',238,9.137E0,99.32E0)
INSERT INTO RICE_2019_01 VALUES(66,'2019-01-01 00:00:00.000000','\u0e1e\u0e31\u0e07\u0e07\u0e32','\u0e02\u0e49\u0e32\u0e27\u0e19\u0e32\u0e1b\u0e35','\u0e1c\u0e25\u0e1c\u0e25\u0e34\u0e15',241,8.446E0,98.524E0)
INSERT INTO RICE_2019_01 VALUES(67,'2019-01-01 00:00:00.000000','\u0e20\u0e39\u0e40\u0e01\u0e47\u0e15','\u0e02\u0e49\u0e32\u0e27\u0e19\u0e32\u0e1b\u0e35','\u0e1c\u0e25\u0e1c\u0e25\u0e34\u0e15',8,7.888E0,98.394E0)
INSERT INTO RICE_2019_01 VALUES(68,'2019-01-01 00:00:00.000000','\u0e01\u0e23\u0e30\u0e1a\u0e35\u0e48','\u0e02\u0e49\u0e32\u0e27\u0e19\u0e32\u0e1b\u0e35','\u0e1c\u0e25\u0e1c\u0e25\u0e34\u0e15',613,8.09E0,98.905E0)
INSERT INTO RICE_2019_01 VALUES(69,'2019-01-01 00:00:00.000000','\u0e15\u0e23\u0e31\u0e07','\u0e02\u0e49\u0e32\u0e27\u0e19\u0e32\u0e1b\u0e35','\u0e1c\u0e25\u0e1c\u0e25\u0e34\u0e15',741,7.559E0,99.616E0)
INSERT INTO RICE_2019_01 VALUES(70,'2019-01-01 00:00:00.000000','\u0e19\u0e04\u0e23\u0e28\u0e23\u0e35\u0e18\u0e23\u0e23\u0e21\u0e23\u0e32\u0e0a','\u0e02\u0e49\u0e32\u0e27\u0e19\u0e32\u0e1b\u0e35','\u0e1c\u0e25\u0e1c\u0e25\u0e34\u0e15',7186,8.408E0,99.972E0)
INSERT INTO RICE_2019_01 VALUES(71,'2019-01-01 00:00:00.000000','\u0e1e\u0e31\u0e17\u0e25\u0e38\u0e07','\u0e02\u0e49\u0e32\u0e27\u0e19\u0e32\u0e1b\u0e35','\u0e1c\u0e25\u0e1c\u0e25\u0e34\u0e15',5134,7.625E0,100.085E0)
INSERT INTO RICE_2019_01 VALUES(72,'2019-01-01 00:00:00.000000','\u0e2a\u0e07\u0e02\u0e25\u0e32','\u0e02\u0e49\u0e32\u0e27\u0e19\u0e32\u0e1b\u0e35','\u0e1c\u0e25\u0e1c\u0e25\u0e34\u0e15',38717,7.198E0,100.596E0)
INSERT INTO RICE_2019_01 VALUES(73,'2019-01-01 00:00:00.000000','\u0e2a\u0e15\u0e39\u0e25','\u0e02\u0e49\u0e32\u0e27\u0e19\u0e32\u0e1b\u0e35','\u0e1c\u0e25\u0e1c\u0e25\u0e34\u0e15',5569,6.615E0,100.071E0)
INSERT INTO RICE_2019_01 VALUES(74,'2019-01-01 00:00:00.000000','\u0e1b\u0e31\u0e15\u0e15\u0e32\u0e19\u0e35','\u0e02\u0e49\u0e32\u0e27\u0e19\u0e32\u0e1b\u0e35','\u0e1c\u0e25\u0e1c\u0e25\u0e34\u0e15',222,6.876E0,101.251E0)
INSERT INTO RICE_2019_01 VALUES(75,'2019-01-01 00:00:00.000000','\u0e22\u0e30\u0e25\u0e32','\u0e02\u0e49\u0e32\u0e27\u0e19\u0e32\u0e1b\u0e35','\u0e1c\u0e25\u0e1c\u0e25\u0e34\u0e15',0,6.547E0,101.28E0)
COMMIT
DISCONNECT
/*C15*/DROP TABLE provinces CASCADE 
DELETE FROM AL_TABLES WHERE TABLE_NAME='provinces'
COMMIT
/*C20*/SET SCHEMA PUBLIC
DISCONNECT
/*C15*/DISCONNECT
/*C22*/SET SCHEMA PUBLIC
DISCONNECT
/*C21*/SET SCHEMA PUBLIC
DISCONNECT
/*C24*/SET SCHEMA PUBLIC
DISCONNECT
/*C23*/SET SCHEMA PUBLIC
DISCONNECT
/*C26*/SET SCHEMA PUBLIC
DISCONNECT
/*C25*/SET SCHEMA PUBLIC
DISCONNECT
/*C28*/SET SCHEMA PUBLIC
DISCONNECT
/*C27*/SET SCHEMA PUBLIC
DISCONNECT
/*C30*/SET SCHEMA PUBLIC
DISCONNECT
/*C29*/SET SCHEMA PUBLIC
DISCONNECT
